<?xml version="1.0" encoding="UTF-8"?>
<!-- Generated by org.testng.reporters.JUnitXMLReporter -->
<testsuite hostname="ezs013" name="Selenium Test" tests="2" failures="1" timestamp="17 Aug 2017 06:30:03 GMT" time="15.59" errors="0">
  <testcase name="Testcase1" time="15.101" classname="selenium.Test2">
    <failure type="java.lang.AssertionError" message="Failed Test case">
      <![CDATA[java.lang.AssertionError: Failed Test case
	at selenium.Test2.Testcase1(Test2.java:30)
... Removed 26 stack frames]]>
    </failure>
  </testcase> <!-- Testcase1 -->
  <testcase name="functional_Test" time="0.003" classname="selenium.Test2"/>
</testsuite> <!-- Selenium Test -->
