<?xml version="1.0" encoding="UTF-8"?>
<!-- Generated by org.testng.reporters.JUnitXMLReporter -->
<testsuite hostname="ezs013" name="Test" tests="1" failures="1" timestamp="24 Aug 2017 09:55:38 GMT" time="29.592" errors="0">
  <testcase name="openGoogle" time="3.561" classname="selenium.ScreenshotInResultsTest">
    <failure type="java.lang.AssertionError" message="Test was failed">
      <![CDATA[java.lang.AssertionError: Test was failed
	at selenium.ScreenshotInResultsTest.openGoogle(ScreenshotInResultsTest.java:40)
... Removed 26 stack frames]]>
    </failure>
  </testcase> <!-- openGoogle -->
</testsuite> <!-- Test -->
