<?xml version="1.0" encoding="UTF-8"?>
<testng-results skipped="0" failed="0" total="2" passed="2">
  <reporter-output>
  </reporter-output>
  <suite name="Default suite" duration-ms="10503" started-at="2017-08-24T08:55:07Z" finished-at="2017-08-24T08:55:17Z">
    <groups>
    </groups>
    <test name="Default test" duration-ms="10503" started-at="2017-08-24T08:55:07Z" finished-at="2017-08-24T08:55:17Z">
      <class name="selenium.MyTest">
        <test-method status="PASS" signature="openFacebook()[pri:1, instance:selenium.MyTest@1e0b4072]" name="openFacebook" duration-ms="7464" started-at="2017-08-24T14:25:07Z" finished-at="2017-08-24T14:25:14Z">
          <reporter-output>
          </reporter-output>
        </test-method> <!-- openFacebook -->
        <test-method status="PASS" signature="openGoogle()[pri:2, instance:selenium.MyTest@1e0b4072]" name="openGoogle" duration-ms="3004" started-at="2017-08-24T14:25:14Z" finished-at="2017-08-24T14:25:17Z">
          <reporter-output>
          </reporter-output>
        </test-method> <!-- openGoogle -->
      </class> <!-- selenium.MyTest -->
    </test> <!-- Default test -->
  </suite> <!-- Default suite -->
</testng-results>

